<?xml version="1.0" encoding="UTF-8" ?>
<testsuite failures="0" time="0.148" errors="0" skipped="0" tests="81" name="io.jsonwebtoken.JwtParserTest">
  <properties>
[...]
</properties>
  <testcase time="0.002" classname="io.jsonwebtoken.JwtParserTest" name="testParseRequireId_Success"/>
  <testcase time="0.005" classname="io.jsonwebtoken.JwtParserTest" name="testParseClockManipulationWithFixedClock"/>
  <testcase time="0.003" classname="io.jsonwebtoken.JwtParserTest" name="testParseClaimsJwsWithNumericTypes"/>
  <testcase time="0.001" classname="io.jsonwebtoken.JwtParserTest" name="testParseClaimsJwtWithClaimsJws"/>
  <testcase time="0.005" classname="io.jsonwebtoken.JwtParserTest" name="testParseRequireIssuer_Missing_Fail"/>
  <testcase time="0.002" classname="io.jsonwebtoken.JwtParserTest" name="testParseWithExpiredJwt"/>
  <testcase time="0.002" classname="io.jsonwebtoken.JwtParserTest" name="testParseWithExpiredJwtWithinAllowedClockSkew"/>
  <testcase time="0.004" classname="io.jsonwebtoken.JwtParserTest" name="testParseRequireIssuedAt_Success"/>
  <testcase time="0.002" classname="io.jsonwebtoken.JwtParserTest" name="testParseWithJunkArgument"/>
  <testcase time="0.004" classname="io.jsonwebtoken.JwtParserTest" name="testParseRequireExpirationAt_Incorrect_Fail"/>
  <testcase time="0.01" classname="io.jsonwebtoken.JwtParserTest" name="testParseClaimsWithSigningKeyResolverInvalidKey"/>
  <testcase time="0.002" classname="io.jsonwebtoken.JwtParserTest" name="testParseRequireAudience_Incorrect_Fail"/>
  <testcase time="0.002" classname="io.jsonwebtoken.JwtParserTest" name="testParseClockManipulationWithDefaultClock"/>
  <testcase time="0.001" classname="io.jsonwebtoken.JwtParserTest" name="testIsSignedWithJunkArgument"/>
  <testcase time="0.002" classname="io.jsonwebtoken.JwtParserTest" name="testParseClaimsJwtWithPrematureJwt"/>
  <testcase time="0.001" classname="io.jsonwebtoken.JwtParserTest" name="testParseClaimsJwsWithClaimsJwt"/>
  <testcase time="0.002" classname="io.jsonwebtoken.JwtParserTest" name="testParseWithExpiredJwtNotWithinAllowedClockSkew"/>
  <testcase time="0.001" classname="io.jsonwebtoken.JwtParserTest" name="testParsePlaintextJws"/>
  <testcase time="0.002" classname="io.jsonwebtoken.JwtParserTest" name="testParsePlaintextJwt"/>
  <testcase time="0.001" classname="io.jsonwebtoken.JwtParserTest" name="testParsePlaintextJwtWithPlaintextJws"/>
  <testcase time="0.001" classname="io.jsonwebtoken.JwtParserTest" name="testParseClaimsJwsWithExpiredJws"/>
  <testcase time="0.001" classname="io.jsonwebtoken.JwtParserTest" name="testParseWithPrematureJwtNotWithinAllowedClockSkew"/>
  <testcase time="0.004" classname="io.jsonwebtoken.JwtParserTest" name="testParseClaimsWithSigningKeyResolverAndKey"/>
  <testcase time="0.002" classname="io.jsonwebtoken.JwtParserTest" name="testParseRequireExpiration_Missing_Fail"/>
  <testcase time="0.001" classname="io.jsonwebtoken.JwtParserTest" name="testSetDuplicateSigningKeys"/>
  <testcase time="0.002" classname="io.jsonwebtoken.JwtParserTest" name="testParseRequireSubject_Incorrect_Fail"/>
  <testcase time="0.003" classname="io.jsonwebtoken.JwtParserTest" name="testParsePlaintextJwsWithSigningKeyResolverAdapter"/>
  <testcase time="0.001" classname="io.jsonwebtoken.JwtParserTest" name="testParseRequireAudience_Missing_Fail"/>
  <testcase time="0.002" classname="io.jsonwebtoken.JwtParserTest" name="testParseWithPrematureJwtWithinAllowedClockSkew"/>
  <testcase time="0.002" classname="io.jsonwebtoken.JwtParserTest" name="testParseClaimsWithInvalidSigningKeyResolverAdapter"/>
  <testcase time="0.001" classname="io.jsonwebtoken.JwtParserTest" name="testParseClaimsJwsWithPlaintextJws"/>
  <testcase time="0.002" classname="io.jsonwebtoken.JwtParserTest" name="testParseClaimsJwsWithPlaintextJwt"/>
  <testcase time="0.001" classname="io.jsonwebtoken.JwtParserTest" name="testNoHeaderNoSig"/>
  <testcase time="0.002" classname="io.jsonwebtoken.JwtParserTest" name="testParseRequireIssuer_Incorrect_Fail"/>
  <testcase time="0.001" classname="io.jsonwebtoken.JwtParserTest" name="testParsePlaintextJwsWithIncorrectAlg"/>
  <testcase time="0.002" classname="io.jsonwebtoken.JwtParserTest" name="testParseRequireSubject_Success"/>
  <testcase time="0.001" classname="io.jsonwebtoken.JwtParserTest" name="testParseClaimsJws"/>
  <testcase time="0.001" classname="io.jsonwebtoken.JwtParserTest" name="testParseClaimsJwt"/>
  <testcase time="0.002" classname="io.jsonwebtoken.JwtParserTest" name="testParseRequireExpiration_Success"/>
  <testcase time="0.004" classname="io.jsonwebtoken.JwtParserTest" name="testParseClaimsWithSigningKeyResolverAndKeyBytes"/>
  <testcase time="0" classname="io.jsonwebtoken.JwtParserTest" name="testParseMalformedJwt"/>
  <testcase time="0.002" classname="io.jsonwebtoken.JwtParserTest" name="testParseWithBase64EncodedSigningKey"/>
  <testcase time="0.004" classname="io.jsonwebtoken.JwtParserTest" name="testParseRequireCustomDate_Success"/>
  <testcase time="0.001" classname="io.jsonwebtoken.JwtParserTest" name="testParseRequireIssuer_Success"/>
  <testcase time="0.004" classname="io.jsonwebtoken.JwtParserTest" name="testParseClaimsWithSigningKeyResolver"/>
  <testcase time="0.001" classname="io.jsonwebtoken.JwtParserTest" name="testParseRequireDontAllowEmptyClaimName"/>
  <testcase time="0.001" classname="io.jsonwebtoken.JwtParserTest" name="testParseRequireGeneric_Success"/>
  <testcase time="0.002" classname="io.jsonwebtoken.JwtParserTest" name="testParseRequireSubject_Missing_Fail"/>
  <testcase time="0.001" classname="io.jsonwebtoken.JwtParserTest" name="testParseClaimsJwtWithExpiredJwt"/>
  <testcase time="0.002" classname="io.jsonwebtoken.JwtParserTest" name="testParseWithPrematureJwt"/>
  <testcase time="0" classname="io.jsonwebtoken.JwtParserTest" name="testParseRequireDontAllowNullClaimValue"/>
  <testcase time="0.001" classname="io.jsonwebtoken.JwtParserTest" name="testNoHeaderSig"/>
  <testcase time="0.002" classname="io.jsonwebtoken.JwtParserTest" name="testParseJwsWithBadAlgHeader"/>
  <testcase time="0.001" classname="io.jsonwebtoken.JwtParserTest" name="testParseRequireCustomDate_Missing_Fail"/>
  <testcase time="0.002" classname="io.jsonwebtoken.JwtParserTest" name="testParseRequireNotBefore_Missing_Fail"/>
  <testcase time="0.002" classname="io.jsonwebtoken.JwtParserTest" name="testParseRequireIssuedAt_Missing_Fail"/>
  <testcase time="0.001" classname="io.jsonwebtoken.JwtParserTest" name="testParseClaimsJwtWithPlaintextJws"/>
  <testcase time="0.001" classname="io.jsonwebtoken.JwtParserTest" name="testParseClaimsJwtWithPlaintextJwt"/>
  <testcase time="0.002" classname="io.jsonwebtoken.JwtParserTest" name="testParseRequireNotBefore_Success"/>
  <testcase time="0.001" classname="io.jsonwebtoken.JwtParserTest" name="testParseRequireCustomDate_Incorrect_Fail"/>
  <testcase time="0.001" classname="io.jsonwebtoken.JwtParserTest" name="testParseRequireDontAllowNullClaimName"/>
  <testcase time="0.004" classname="io.jsonwebtoken.JwtParserTest" name="testParsePlaintextJwsWithSigningKeyResolverInvalidKey"/>
  <testcase time="0.001" classname="io.jsonwebtoken.JwtParserTest" name="testParseRequireId_Incorrect_Fail"/>
  <testcase time="0.002" classname="io.jsonwebtoken.JwtParserTest" name="testParsePlaintextJwtWithClaimsJws"/>
  <testcase time="0.001" classname="io.jsonwebtoken.JwtParserTest" name="testParsePlaintextJwtWithClaimsJwt"/>
  <testcase time="0.001" classname="io.jsonwebtoken.JwtParserTest" name="testParseWithInvalidSignature"/>
  <testcase time="0" classname="io.jsonwebtoken.JwtParserTest" name="testParseClockManipulationWithNullClock"/>
  <testcase time="0.002" classname="io.jsonwebtoken.JwtParserTest" name="testParseRequireId_Missing_Fail"/>
  <testcase time="0.002" classname="io.jsonwebtoken.JwtParserTest" name="testParseRequireIssuedAt_Incorrect_Fail"/>
  <testcase time="0" classname="io.jsonwebtoken.JwtParserTest" name="testParseClaimsWithNullSigningKeyResolver"/>
  <testcase time="0.001" classname="io.jsonwebtoken.JwtParserTest" name="testParseClaimsJwsWithPrematureJws"/>
  <testcase time="0.002" classname="io.jsonwebtoken.JwtParserTest" name="testParseRequireNotBefore_Incorrect_Fail"/>
  <testcase time="0.001" classname="io.jsonwebtoken.JwtParserTest" name="testParsePlaintextJwsWithPlaintextJwt"/>
  <testcase time="0.001" classname="io.jsonwebtoken.JwtParserTest" name="testParsePlaintextJwsWithInvalidSigningKeyResolverAdapter"/>
  <testcase time="0.002" classname="io.jsonwebtoken.JwtParserTest" name="testParseRequireAudience_Success"/>
  <testcase time="0.001" classname="io.jsonwebtoken.JwtParserTest" name="testBadHeaderSig"/>
  <testcase time="0.001" classname="io.jsonwebtoken.JwtParserTest" name="testParsePlaintextJwsWithClaimsJws"/>
  <testcase time="0.001" classname="io.jsonwebtoken.JwtParserTest" name="testParsePlaintextJwsWithClaimsJwt"/>
  <testcase time="0.002" classname="io.jsonwebtoken.JwtParserTest" name="testParseRequireedGeneric_Missing_Fail"/>
  <testcase time="0" classname="io.jsonwebtoken.JwtParserTest" name="testIsSignedWithNullArgument"/>
  <testcase time="0.001" classname="io.jsonwebtoken.JwtParserTest" name="testParseRequireGeneric_Incorrect_Fail"/>
</testsuite>